12:21:32 [INFO] Resumo de ativos disponíveis for busca:
12:21:32 [INFO]   ● Dukascopy: 1503 assets found
12:21:37 [INFO]   ● Openbb: 10431 assets found
12:23:02 [WARNING] The database AAPL (M1) from OPENBB already exists in the database.
12:23:02 [INFO] ↳ Use the 'update' command to add recent data.
12:23:02 [ERROR] Error downloading/resampling AAPL: Database AAPL (M1) already exists in OPENBB
12:23:31 [INFO] Updating AAPL from 2026-03-12 15:59:00...
12:23:38 [INFO] Database AAPL (M1) updated successfully!
12:25:13 [INFO] Source: OPENBB
12:25:13 [INFO] Asset: AAPL
12:25:13 [INFO] Timeframe: M1
12:25:13 [INFO] Rows: 2453
12:25:13 [INFO] Start_date: 2026-03-06 09:30:00
12:25:13 [INFO] End_date: 2026-03-16 11:23:00
12:25:13 [INFO] File_size_kb: 66.58
12:25:20 [INFO] === QUALITY REPORT: AAPL (M1) - OPENBB ===
12:25:20 [INFO] Total Registers Analyzed: 2,453
12:25:20 [INFO] 1. OHLC Mathematical Relations : 0 error(s)
12:25:20 [INFO] 2. Duplicated Registers      : 0 error(s)
12:25:20 [INFO] 3. Time Ordering             : 0 error(s)
12:25:20 [INFO] 4. Absence of Data (Gaps)    : 6 gap(s)
12:25:37 [INFO] Rebuilding catalog. This might take a few seconds...
12:25:41 [INFO] ✓ Catalog rebuilt successfully! (49 databases indexed)
16:48:53 [INFO] === GLOBAL DATABASE UPDATE ===
16:48:53 [INFO] Detected 9 original database(s) (M1) and 40 higher timeframe database(s).
16:48:54 [INFO] Updating GBPUSD from 2026-03-13 02:00:00...
16:48:58 [INFO] Database GBPUSD (M1) updated successfully!
16:48:58 [INFO] Updating EURUSD from 2026-03-13 02:00:00...
16:49:02 [INFO] Database EURUSD (M1) updated successfully!
16:49:02 [INFO] Updating USA30 from 2026-03-13 01:59:00...
16:49:06 [INFO] Database USA30 (M1) updated successfully!
16:49:06 [INFO] Updating XAUUSD from 2026-03-13 02:00:00...
16:49:11 [INFO] Database XAUUSD (M1) updated successfully!
16:49:12 [INFO] Updating USDJPY from 2026-03-13 02:00:00...
16:49:15 [INFO] Database USDJPY (M1) updated successfully!
16:49:15 [INFO] Updating USA500 from 2026-03-13 02:00:00...
16:49:19 [INFO] Database USA500 (M1) updated successfully!
16:49:19 [INFO] Updating BTCUSD from 2026-03-13 02:00:00...
16:49:22 [INFO] Database BTCUSD (M1) updated successfully!
16:49:22 [INFO] Updating USATECH from 2026-03-13 01:59:00...
16:49:26 [INFO] Database USATECH (M1) updated successfully!
16:49:26 [INFO] Updating AAPL from 2026-03-16 11:23:00...
16:49:31 [INFO] Database AAPL (M1) updated successfully!
16:49:31 [INFO] Converting GBPUSD M1 for M30...
16:49:31 [INFO] Conversion of GBPUSD to M30 finished and saved!
16:49:32 [INFO] Converting GBPUSD M1 for D1...
16:49:32 [INFO] Conversion of GBPUSD to D1 finished and saved!
16:49:32 [INFO] Converting GBPUSD M1 for M15...
16:49:32 [INFO] Conversion of GBPUSD to M15 finished and saved!
16:49:33 [INFO] Converting GBPUSD M1 for H1...
16:49:33 [INFO] Conversion of GBPUSD to H1 finished and saved!
16:49:33 [INFO] Converting GBPUSD M1 for M5...
16:49:34 [INFO] Conversion of GBPUSD to M5 finished and saved!
16:49:34 [INFO] Converting EURUSD M1 for M30...
16:49:34 [INFO] Conversion of EURUSD to M30 finished and saved!
16:49:35 [INFO] Converting EURUSD M1 for D1...
16:49:35 [INFO] Conversion of EURUSD to D1 finished and saved!
16:49:35 [INFO] Converting EURUSD M1 for M15...
16:49:36 [INFO] Conversion of EURUSD to M15 finished and saved!
16:49:36 [INFO] Converting EURUSD M1 for H1...
16:49:36 [INFO] Conversion of EURUSD to H1 finished and saved!
16:49:36 [INFO] Converting EURUSD M1 for M5...
16:49:37 [INFO] Conversion of EURUSD to M5 finished and saved!
16:49:37 [INFO] Converting USA30 M1 for M30...
16:49:37 [INFO] Conversion of USA30 to M30 finished and saved!
16:49:38 [INFO] Converting USA30 M1 for D1...
16:49:38 [INFO] Conversion of USA30 to D1 finished and saved!
16:49:38 [INFO] Converting USA30 M1 for M15...
16:49:38 [INFO] Conversion of USA30 to M15 finished and saved!
16:49:39 [INFO] Converting USA30 M1 for H1...
16:49:39 [INFO] Conversion of USA30 to H1 finished and saved!
16:49:39 [INFO] Converting USA30 M1 for M5...
16:49:40 [INFO] Conversion of USA30 to M5 finished and saved!
16:49:40 [INFO] Converting XAUUSD M1 for M30...
16:49:40 [INFO] Conversion of XAUUSD to M30 finished and saved!
16:49:41 [INFO] Converting XAUUSD M1 for D1...
16:49:41 [INFO] Conversion of XAUUSD to D1 finished and saved!
16:49:42 [INFO] Converting XAUUSD M1 for M15...
16:49:42 [INFO] Conversion of XAUUSD to M15 finished and saved!
16:49:42 [INFO] Converting XAUUSD M1 for H1...
16:49:43 [INFO] Conversion of XAUUSD to H1 finished and saved!
16:49:43 [INFO] Converting XAUUSD M1 for M5...
16:49:44 [INFO] Conversion of XAUUSD to M5 finished and saved!
16:49:44 [INFO] Converting USDJPY M1 for M30...
16:49:45 [INFO] Conversion of USDJPY to M30 finished and saved!
16:49:45 [INFO] Converting USDJPY M1 for D1...
16:49:45 [INFO] Conversion of USDJPY to D1 finished and saved!
16:49:45 [INFO] Converting USDJPY M1 for M15...
16:49:46 [INFO] Conversion of USDJPY to M15 finished and saved!
16:49:46 [INFO] Converting USDJPY M1 for H1...
16:49:46 [INFO] Conversion of USDJPY to H1 finished and saved!
16:49:47 [INFO] Converting USDJPY M1 for M5...
16:49:47 [INFO] Conversion of USDJPY to M5 finished and saved!
16:49:47 [INFO] Converting USA500 M1 for M30...
16:49:48 [INFO] Conversion of USA500 to M30 finished and saved!
16:49:48 [INFO] Converting USA500 M1 for D1...
16:49:48 [INFO] Conversion of USA500 to D1 finished and saved!
16:49:48 [INFO] Converting USA500 M1 for M15...
16:49:49 [INFO] Conversion of USA500 to M15 finished and saved!
16:49:49 [INFO] Converting USA500 M1 for H1...
16:49:49 [INFO] Conversion of USA500 to H1 finished and saved!
16:49:49 [INFO] Converting USA500 M1 for M5...
16:49:50 [INFO] Conversion of USA500 to M5 finished and saved!
16:49:50 [INFO] Converting BTCUSD M1 for M30...
16:49:50 [INFO] Conversion of BTCUSD to M30 finished and saved!
16:49:50 [INFO] Converting BTCUSD M1 for D1...
16:49:51 [INFO] Conversion of BTCUSD to D1 finished and saved!
16:49:51 [INFO] Converting BTCUSD M1 for M15...
16:49:51 [INFO] Conversion of BTCUSD to M15 finished and saved!
16:49:51 [INFO] Converting BTCUSD M1 for H1...
16:49:52 [INFO] Conversion of BTCUSD to H1 finished and saved!
16:49:52 [INFO] Converting BTCUSD M1 for M5...
16:49:52 [INFO] Conversion of BTCUSD to M5 finished and saved!
16:49:52 [INFO] Converting USATECH M1 for M30...
16:49:53 [INFO] Conversion of USATECH to M30 finished and saved!
16:49:53 [INFO] Converting USATECH M1 for D1...
16:49:53 [INFO] Conversion of USATECH to D1 finished and saved!
16:49:53 [INFO] Converting USATECH M1 for M15...
16:49:54 [INFO] Conversion of USATECH to M15 finished and saved!
16:49:54 [INFO] Converting USATECH M1 for H1...
16:49:54 [INFO] Conversion of USATECH to H1 finished and saved!
16:49:54 [INFO] Converting USATECH M1 for M5...
16:49:55 [INFO] Conversion of USATECH to M5 finished and saved!
16:49:55 [INFO] Global task finished successfully!
16:54:03 [INFO] Shutting down server...
16:57:39 [INFO] This should appear only once.
16:58:16 [INFO] Test duplicate
